<?xml version="1.0" encoding="UTF-8"?>
<!-- Generated by org.testng.reporters.JUnitXMLReporter -->
<testsuite ignored="8" hostname="SANJIVANI" failures="3" tests="13" name="MYTest-1" time="320.445" errors="0" timestamp="2019-11-04T13:47:28 IST">
  <testcase classname="Library.home" name="TestCase1" time="0.408">
    <failure type="java.lang.AssertionError" message="title does not match expected [LIBRARY HOUSE] but found [LIBRARY]">
      <![CDATA[java.lang.AssertionError: title does not match expected [LIBRARY HOUSE] but found [LIBRARY]
at Library.home.TestCase1(home.java:51)
at java.base/java.util.ArrayList.forEach(ArrayList.java:1540)
... Removed 31 stack frames]]>
    </failure>
  </testcase> <!-- TestCase1 -->
  <testcase classname="Library.home" name="TestCase2" time="2.681"/>
  <testcase classname="Library.home" name="TestCase3" time="3.608"/>
  <testcase classname="Library.login" name="TestCase4" time="5.807">
    <failure type="java.lang.AssertionError" message="expected [http://localhost/Library/login.html] but found [http://localhost/Library/login.php]">
      <![CDATA[java.lang.AssertionError: expected [http://localhost/Library/login.html] but found [http://localhost/Library/login.php]
at Library.login.TestCase4(login.java:57)
at java.base/java.util.ArrayList.forEach(ArrayList.java:1540)
... Removed 32 stack frames]]>
    </failure>
  </testcase> <!-- TestCase4 -->
  <testcase classname="Library.login" name="TestCase6" time="0.002"/>
  <testcase classname="Library.login" name="Testcase5" time="0.002"/>
  <testcase classname="Library.register" name="TestCase7" time="7.692"/>
  <testcase classname="Library.browse" name="TestCase10" time="1.106">
    <failure type="java.lang.AssertionError" message="expected [false] but found [true]">
      <![CDATA[java.lang.AssertionError: expected [false] but found [true]
at Library.browse.TestCase10(browse.java:82)
at java.base/java.util.ArrayList.forEach(ArrayList.java:1540)
... Removed 32 stack frames]]>
    </failure>
  </testcase> <!-- TestCase10 -->
  <testcase classname="Library.browse" name="TestCase8" time="0.983"/>
  <testcase classname="Library.browse" name="Testcase11" time="0.002">
    <skipped/>
  </testcase> <!-- Testcase11 -->
  <testcase classname="Library.browse" name="Testcase9" time="5.574"/>
  <testcase classname="Library.update" name="Testcase12" time="7.229"/>
  <testcase classname="Library.update" name="TestCase13" time="6.003"/>
  <testcase classname="Library.BaseReport" name="@BeforeTest startReport" time="0.0">
    <ignored/>
  </testcase> <!-- @BeforeTest startReport -->
  <testcase classname="Library.BaseReport" name="@BeforeTest startReport" time="0.0">
    <ignored/>
  </testcase> <!-- @BeforeTest startReport -->
  <testcase classname="Library.BaseReport" name="@BeforeTest startReport" time="0.0">
    <ignored/>
  </testcase> <!-- @BeforeTest startReport -->
  <testcase classname="Library.BaseReport" name="@BeforeTest startReport" time="0.0">
    <ignored/>
  </testcase> <!-- @BeforeTest startReport -->
  <testcase classname="Library.BaseReport" name="@AfterTest endReport" time="0.0">
    <ignored/>
  </testcase> <!-- @AfterTest endReport -->
  <testcase classname="Library.BaseReport" name="@AfterTest endReport" time="0.0">
    <ignored/>
  </testcase> <!-- @AfterTest endReport -->
  <testcase classname="Library.BaseReport" name="@AfterTest endReport" time="0.0">
    <ignored/>
  </testcase> <!-- @AfterTest endReport -->
  <testcase classname="Library.BaseReport" name="@AfterTest endReport" time="0.0">
    <ignored/>
  </testcase> <!-- @AfterTest endReport -->
</testsuite> <!-- MYTest-1 -->
